Using pre-set license
Built from '2021.2/staging' branch; Version is '2021.2.5f1 (4ec9a5e799f5) revision 5163429'; Using compiler version '192829333'; Build Type 'Release'
OS: 'Windows 10  (10.0.19045) 64bit Professional' Language: 'en' Physical Memory: 16337 MB
BatchMode: 1, IsHumanControllingUs: 0, StartBugReporterOnCrash: 0, Is64bit: 1, IsPro: 0

COMMAND LINE ARGUMENTS:
C:\Unity\2021.2.5f1\Editor\Unity.exe
-adb2
-batchMode
-noUpm
-name
AssetImportWorker0
-projectPath
C:/projects/autoloo-2/autoloo
-logFile
Logs/AssetImportWorker0.log
-srvPort
63896
Successfully changed project path to: C:/projects/autoloo-2/autoloo
C:/projects/autoloo-2/autoloo
[UnityMemory] Configuration Parameters - Can be set up in boot.config
    "memorysetup-bucket-allocator-granularity=16"
    "memorysetup-bucket-allocator-bucket-count=8"
    "memorysetup-bucket-allocator-block-size=33554432"
    "memorysetup-bucket-allocator-block-count=8"
    "memorysetup-main-allocator-block-size=16777216"
    "memorysetup-thread-allocator-block-size=16777216"
    "memorysetup-gfx-main-allocator-block-size=16777216"
    "memorysetup-gfx-thread-allocator-block-size=16777216"
    "memorysetup-cache-allocator-block-size=4194304"
    "memorysetup-typetree-allocator-block-size=2097152"
    "memorysetup-profiler-bucket-allocator-granularity=16"
    "memorysetup-profiler-bucket-allocator-bucket-count=8"
    "memorysetup-profiler-bucket-allocator-block-size=33554432"
    "memorysetup-profiler-bucket-allocator-block-count=8"
    "memorysetup-profiler-allocator-block-size=16777216"
    "memorysetup-profiler-editor-allocator-block-size=1048576"
    "memorysetup-temp-allocator-size-main=16777216"
    "memorysetup-job-temp-allocator-block-size=2097152"
    "memorysetup-job-temp-allocator-block-size-background=1048576"
    "memorysetup-job-temp-allocator-reduction-small-platforms=262144"
    "memorysetup-temp-allocator-size-background-worker=32768"
    "memorysetup-temp-allocator-size-job-worker=262144"
    "memorysetup-temp-allocator-size-preload-manager=33554432"
    "memorysetup-temp-allocator-size-nav-mesh-worker=65536"
    "memorysetup-temp-allocator-size-audio-worker=65536"
    "memorysetup-temp-allocator-size-cloud-worker=32768"
    "memorysetup-temp-allocator-size-gi-baking-worker=262144"
    "memorysetup-temp-allocator-size-gfx=262144"
Refreshing native plugins compatible for Editor in 83.83 ms, found 3 plugins.
Preloading 0 native plugins for Editor in 0.00 ms.
Initialize engine version: 2021.2.5f1 (4ec9a5e799f5)
[Subsystems] Discovering subsystems at path C:/Unity/2021.2.5f1/Editor/Data/Resources/UnitySubsystems
[Subsystems] Discovering subsystems at path C:/projects/autoloo-2/autoloo/Assets
GfxDevice: creating device client; threaded=0; jobified=0
Direct3D:
    Version:  Direct3D 11.0 [level 11.1]
    Renderer: Radeon RX550/550 Series (ID=0x699f)
    Vendor:   ATI
    VRAM:     2028 MB
    Driver:   30.0.13023.4001
Initialize mono
Mono path[0] = 'C:/Unity/2021.2.5f1/Editor/Data/Managed'
Mono path[1] = 'C:/Unity/2021.2.5f1/Editor/Data/MonoBleedingEdge/lib/mono/unityjit-win32'
Mono config path = 'C:/Unity/2021.2.5f1/Editor/Data/MonoBleedingEdge/etc'
Using monoOptions --debugger-agent=transport=dt_socket,embedding=1,server=y,suspend=n,address=127.0.0.1:56736
Begin MonoManager ReloadAssembly
Registering precompiled unity dll's ...
Register platform support module: C:/Unity/2021.2.5f1/Editor/Data/PlaybackEngines/WindowsStandaloneSupport/UnityEditor.WindowsStandalone.Extensions.dll
Registered in 0.004927 seconds.
Native extension for WindowsStandalone target not found
Refreshing native plugins compatible for Editor in 82.21 ms, found 3 plugins.
Preloading 0 native plugins for Editor in 0.00 ms.
Mono: successfully reloaded assembly
- Completed reload, in  0.749 seconds
Domain Reload Profiling:
	ReloadAssembly (750ms)
		BeginReloadAssembly (94ms)
			ExecutionOrderSort (0ms)
			DisableScriptedObjects (0ms)
			BackupInstance (0ms)
			ReleaseScriptingObjects (0ms)
			CreateAndSetChildDomain (1ms)
		EndReloadAssembly (572ms)
			LoadAssemblies (90ms)
			RebuildTransferFunctionScriptingTraits (0ms)
			SetupTypeCache (113ms)
			ReleaseScriptCaches (0ms)
			RebuildScriptCaches (34ms)
			SetupLoadedEditorAssemblies (364ms)
				LogAssemblyErrors (0ms)
				InitializePlatformSupportModulesInManaged (16ms)
				SetLoadedEditorAssemblies (0ms)
				RefreshPlugins (82ms)
				BeforeProcessingInitializeOnLoad (2ms)
				ProcessInitializeOnLoadAttributes (209ms)
				ProcessInitializeOnLoadMethodAttributes (54ms)
				AfterProcessingInitializeOnLoad (0ms)
				EditorAssembliesLoaded (0ms)
			ExecutionOrderSort2 (0ms)
			AwakeInstancesAfterBackupRestoration (0ms)
Platform modules already initialized, skipping
Registering precompiled user dll's ...
Registered in 0.006667 seconds.
Begin MonoManager ReloadAssembly
Native extension for WindowsStandalone target not found
Refreshing native plugins compatible for Editor in 95.89 ms, found 3 plugins.
Preloading 0 native plugins for Editor in 0.00 ms.
Mono: successfully reloaded assembly
- Completed reload, in  1.854 seconds
Domain Reload Profiling:
	ReloadAssembly (1855ms)
		BeginReloadAssembly (236ms)
			ExecutionOrderSort (0ms)
			DisableScriptedObjects (8ms)
			BackupInstance (0ms)
			ReleaseScriptingObjects (0ms)
			CreateAndSetChildDomain (26ms)
		EndReloadAssembly (1469ms)
			LoadAssemblies (126ms)
			RebuildTransferFunctionScriptingTraits (0ms)
			SetupTypeCache (329ms)
			ReleaseScriptCaches (1ms)
			RebuildScriptCaches (69ms)
			SetupLoadedEditorAssemblies (824ms)
				LogAssemblyErrors (0ms)
				InitializePlatformSupportModulesInManaged (14ms)
				SetLoadedEditorAssemblies (0ms)
				RefreshPlugins (96ms)
				BeforeProcessingInitializeOnLoad (163ms)
				ProcessInitializeOnLoadAttributes (513ms)
				ProcessInitializeOnLoadMethodAttributes (29ms)
				AfterProcessingInitializeOnLoad (8ms)
				EditorAssembliesLoaded (0ms)
			ExecutionOrderSort2 (0ms)
			AwakeInstancesAfterBackupRestoration (7ms)
Platform modules already initialized, skipping
========================================================================
Worker process is ready to serve import requests
Launched and connected shader compiler UnityShaderCompiler.exe after 0.06 seconds
Refreshing native plugins compatible for Editor in 0.54 ms, found 3 plugins.
Preloading 0 native plugins for Editor in 0.00 ms.
Unloading 3322 Unused Serialized files (Serialized files now loaded: 0)
Unloading 24 unused Assets / (55.7 KB). Loaded Objects now: 3781.
Memory consumption went from 121.5 MB to 121.5 MB.
Total: 3.393000 ms (FindLiveObjects: 0.363200 ms CreateObjectMapping: 0.298400 ms MarkObjects: 2.643400 ms  DeleteObjects: 0.086900 ms)

AssetImportParameters requested are different than current active one (requested -> active):
  custom:video-decoder-ogg-theora: a1e56fd34408186e4bbccfd4996cb3dc -> 
  custom:container-muxer-webm: aa71ff27fc2769a1b78a27578f13a17b -> 
  custom:container-demuxer-webm: 4f35f7cbe854078d1ac9338744f61a02 -> 
  custom:video-encoder-webm-vp8: eb34c28f22e8b96e1ab97ce403110664 -> 
  custom:audio-encoder-webm-vorbis: bf7c407c2cedff20999df2af8eb42d56 -> 
  custom:framework-win-MediaFoundation: 216162199b28c13a410421893ffa2e32 -> 
  custom:container-demuxer-ogg: 62fdf1f143b41e24485cea50d1cbac27 -> 
  custom:video-decoder-webm-vp8: 9c59270c3fd7afecdb556c50c9e8de78 -> 
  custom:audio-decoder-ogg-vorbis: bf7c407c2cedff20999df2af8eb42d56 -> 
========================================================================
Received Import Request.
  Time since last request: 61699.749478 seconds.
  path: Assets/scripts
  artifactKey: Guid(3700220f9c6c2374bbf662889bb992b9) Importer(815301076,1909f56bfc062723c751e8b465ee728b)
Start importing Assets/scripts using Guid(3700220f9c6c2374bbf662889bb992b9) Importer(815301076,1909f56bfc062723c751e8b465ee728b)  -> (artifact id: '0dadc66dd770502f0b56a89a50b40d12') in 0.014831 seconds 
========================================================================
Received Import Request.
  Time since last request: 2.333458 seconds.
  path: Assets/images
  artifactKey: Guid(c7ea4d9af734f1a488ab45c61e5dec09) Importer(815301076,1909f56bfc062723c751e8b465ee728b)
Start importing Assets/images using Guid(c7ea4d9af734f1a488ab45c61e5dec09) Importer(815301076,1909f56bfc062723c751e8b465ee728b)  -> (artifact id: '32854a55576ab338dad49310966df4a9') in 0.014927 seconds 
========================================================================
Received Import Request.
  Time since last request: 3.183393 seconds.
  path: Assets/images/french1815
  artifactKey: Guid(1f84c20409d03074298ea8096e06835e) Importer(815301076,1909f56bfc062723c751e8b465ee728b)
Start importing Assets/images/french1815 using Guid(1f84c20409d03074298ea8096e06835e) Importer(815301076,1909f56bfc062723c751e8b465ee728b)  -> (artifact id: '1aaf0ac917b936afbf7bd34186993cc8') in 0.014174 seconds 
========================================================================
Received Import Request.
  Time since last request: 4.208301 seconds.
  path: Assets/images/french1815/french_linevolskirmish_right_-3_-1_.svg
  artifactKey: Guid(d3bf279d4f0e1a240ac1437cde4f9965) Importer(815301076,1909f56bfc062723c751e8b465ee728b)
Start importing Assets/images/french1815/french_linevolskirmish_right_-3_-1_.svg using Guid(d3bf279d4f0e1a240ac1437cde4f9965) Importer(815301076,1909f56bfc062723c751e8b465ee728b)  -> (artifact id: 'a9cf0e131dc0ff2f4e82634f8205f664') in 0.060637 seconds 
========================================================================
Received Import Request.
  Time since last request: 34.690694 seconds.
  path: Assets/images/french1815/french_linevolskirmish_right_-3_-1_.svg
  artifactKey: Guid(d3bf279d4f0e1a240ac1437cde4f9965) Importer(815301076,1909f56bfc062723c751e8b465ee728b)
Start importing Assets/images/french1815/french_linevolskirmish_right_-3_-1_.svg using Guid(d3bf279d4f0e1a240ac1437cde4f9965) Importer(815301076,1909f56bfc062723c751e8b465ee728b)  -> (artifact id: 'b2cf12a4b115ccaa8f68be18aca130a1') in 0.179468 seconds 
========================================================================
Received Import Request.
  Time since last request: 8.961268 seconds.
  path: Assets/images/french1815/french_linevolskirmish_right_-3_-1_.svg
  artifactKey: Guid(d3bf279d4f0e1a240ac1437cde4f9965) Importer(815301076,1909f56bfc062723c751e8b465ee728b)
Start importing Assets/images/french1815/french_linevolskirmish_right_-3_-1_.svg using Guid(d3bf279d4f0e1a240ac1437cde4f9965) Importer(815301076,1909f56bfc062723c751e8b465ee728b)  -> (artifact id: 'e4bcd051992fc486e1c956ee7d25caa9') in 0.043935 seconds 
========================================================================
Received Import Request.
  Time since last request: 1607.192921 seconds.
  path: Assets/images/french1815/french_linevolskirimish_left_2_-1_.svg
  artifactKey: Guid(4a3a30ffd30f6594094a2b820265a248) Importer(815301076,1909f56bfc062723c751e8b465ee728b)
Start importing Assets/images/french1815/french_linevolskirimish_left_2_-1_.svg using Guid(4a3a30ffd30f6594094a2b820265a248) Importer(815301076,1909f56bfc062723c751e8b465ee728b)  -> (artifact id: 'ad227215a176523af0f9fbfddcbd9ca8') in 0.020916 seconds 
